0,1.2442592229735985,0.4112220588098499,1.081858669238144,0.43511220614986496
1,1.0846757727057745,0.4267539645611344,1.0774093617214247,0.4370372608657973
2,1.0809528329399194,0.42832666139526493,1.0760977593700538,0.43622698780542946
3,1.0797426950395776,0.42774656887160045,1.075424520487196,0.4370878283084461
4,1.0800169998005535,0.4269449548029038,1.076247927847873,0.4361208672013435
5,1.0795881658122781,0.42800429088781194,1.0761443549327636,0.43657054606165074
6,1.079305282871375,0.4286481724554802,1.0762619731131564,0.435235560146128
7,1.0798969817630362,0.42722457307568024,1.0758439017145822,0.4359259473354358
8,1.0795485784498493,0.42778920711077206,1.0753569864155201,0.43718176535388936
9,1.079537891069155,0.42816691312981714,1.0760715439078514,0.4358891682705314
10,1.0797113303388102,0.4275133148231253,1.0765536202473587,0.43510694734974154
11,1.079419955343343,0.42828063063699323,1.0757708316438654,0.4360481196694492
12,1.0793065314212542,0.428328803416206,1.0753941281457966,0.4373745264210376
13,1.079441156782461,0.42799500813617963,1.0758268561256066,0.4361128018840299
14,1.079306631978978,0.4287253107448299,1.076116102063254,0.43566271869096035
15,1.0796609864476021,0.42788281848155835,1.076460629902529,0.43675400696655875
16,1.0794401994247116,0.4282860547345813,1.0763828920514396,0.4347280868333144
17,1.0796742015675214,0.42768959069005485,1.076186484299349,0.4361696465553584
18,1.0795583816726555,0.4277018540614522,1.0760629970036195,0.4359144267097144
19,1.0795048241869787,0.4281261504132117,1.0759651458665227,0.43582324242830195
20,1.0796145515495472,0.4280342269148912,1.0763047306725149,0.43512062712072747
21,1.0795731795972652,0.428035877723093,1.0767736520660058,0.4357615114621114
22,1.079524395037233,0.4280249735669601,1.0765588330418876,0.4354409598689732
23,1.0795837794461947,0.42776502701313796,1.0763280496168672,0.43528351000237875
24,1.0797582440831688,0.42746306026096204,1.0764904548612872,0.4353242091443333
25,1.079839683617099,0.4273247009520436,1.0757405648070775,0.437356162313598
26,1.0797349958272462,0.427323283305492,1.076289659805512,0.43519075359445614
27,1.0796659056725126,0.4278283561810206,1.0755810738949294,0.43653732330017014
28,1.0797180937917046,0.4274267423706503,1.076314920521854,0.4355469155167643
29,1.0799780385212951,0.4268804932847468,1.0771192355102368,0.4354267963917514
30,1.0793812813718666,0.42813311947537075,1.076003176844522,0.436416513841337
31,1.0793772961651342,0.4282288316265836,1.0760537779733037,0.4361042103097036
32,1.0794556576884196,0.4282129422175032,1.075859388742554,0.43638741071712256
33,1.0793310913811909,0.42855935508826004,1.076513800058472,0.4364944234975973
34,1.0794929573375187,0.42785676168193276,1.0756877257582846,0.43631260325984805
35,1.0795504296428702,0.42788763209523156,1.0765362033683263,0.43537320016266007
36,1.0794662954097383,0.4279492579073629,1.0754223472616646,0.4368590942552152
37,1.0798206353455446,0.42711958876569656,1.0772240070814496,0.43656092366245447
38,1.0795932267823916,0.42780057159624085,1.076045096992107,0.43549950579907404
39,1.0794693927751497,0.4280404884692798,1.0762415360868647,0.4357404339681374
40,1.079242116614674,0.42838738915265656,1.076174539528536,0.4365363443360778
41,1.0796388748656498,0.42774714604612224,1.077078000347266,0.43613299389740096
42,1.0793130283275347,0.42867757213481517,1.076434100076054,0.4362098504494834
43,1.0791873709204491,0.4285320131625655,1.0762148092302044,0.43809294287023864
44,1.0797081142663956,0.4275403328607427,1.0758038054691272,0.43649710728771157
45,1.0793839673312862,0.4279814380612338,1.0753912945811668,0.4369957476200551
46,1.079561616664522,0.4279915591202452,1.0753516201222881,0.4369538949282862
47,1.0793407584509154,0.4283972577101206,1.076313322179773,0.4358592095717239
48,1.0795476064253389,0.4278573384468128,1.0768265759007314,0.43638047868592905
49,1.0794650140773046,0.4281624580093949,1.0763392193933552,0.43543773712590694
50,1.0796516020646256,0.42759911184036514,1.0757440635327542,0.4361891438808755
51,1.0798036264234714,0.42714514519014574,1.0756462224413839,0.4365164001930686
52,1.0797464574320932,0.42720208539328425,1.076847194285875,0.4356526803083126
53,1.0793146689286393,0.4286183958323498,1.0761144698335883,0.4366423522562556
54,1.0793009540338194,0.4286657546367685,1.0766550645399628,0.43457813977190757
55,1.0795164918966507,0.4278171755610225,1.0778014426820735,0.4372352192231234
56,1.0795206436950169,0.42822641523455734,1.0759220286701503,0.4360602243671525
57,1.0793334508544943,0.4281945821543684,1.076017426506857,0.4360429013922102
58,1.0793308669596575,0.42811627842701394,1.0785023721416345,0.43618143027384926
59,1.0799060793740025,0.4272319520811163,1.0766149068146609,0.4353355672414081
60,1.079630467797933,0.427814583818302,1.0767607646042041,0.43533873835636255
61,1.079446576217587,0.42822419179056875,1.0764353784282557,0.43597693629018563
62,1.0795149248972367,0.4280770945057745,1.0766015157270967,0.4345978217760943
63,1.0792295326007886,0.4285189456874283,1.0764720655559155,0.4378323233209804
64,1.079714756500855,0.4274877926419204,1.075882363855169,0.4361093197361895
65,1.0799707933758083,0.42685320869832327,1.0762350769525164,0.4362824235783765
66,1.0797837965608983,0.4274769733859175,1.0758210624201914,0.43611956228642934
67,1.0800082379177716,0.4269543285052808,1.0759053403072143,0.43617084157638647
68,1.0790917225433199,0.42908680525959214,1.0752765450584754,0.43837454894870836
69,1.0789894592561078,0.42879794651001446,1.0770509897992853,0.4349502429495189
70,1.0796499755275384,0.4277220857434721,1.0764912482058064,0.43656387146687947
71,1.079527317740944,0.427848653054038,1.0758606391006642,0.43599179753567324
72,1.079686878537864,0.4277135295099295,1.0763393668646224,0.43687979931414744
73,1.079509766584032,0.4278993459603006,1.077127041173785,0.43641649430242585
74,1.0797923414894703,0.4275524180771039,1.075583603141013,0.43668024631066427
75,1.079413022318583,0.4279425677075937,1.076040615794364,0.43594687157452405
76,1.0795107726300701,0.42804079066111855,1.0759692620695307,0.43696590225785725
77,1.0794934139827663,0.4276173271837293,1.0766330735067304,0.43590160087781704
78,1.0792969801452723,0.4286773148173643,1.075548620304365,0.43730640000372395
79,1.0797233397706172,0.4276437459750226,1.0769390845566653,0.4353709373945409
80,1.0795742727397533,0.42792606210533235,1.0760032708725233,0.43626594054079565
81,1.0793787234284904,0.42832179631818007,1.077042866556832,0.43585788615203697
82,1.0791383486450388,0.4285574777387261,1.076223190446918,0.43522235831825234
83,1.0796188044079233,0.4278053070417149,1.0762935050417868,0.43502986767001545
84,1.079475240024288,0.4282188529391059,1.0755657766642195,0.4369148392500401
85,1.0797285217247652,0.42747657943537837,1.0762273669242859,0.43639808593678747
86,1.0794388507859092,0.42831350113484834,1.0762113956922896,0.4367894640749251
87,1.0794171792402696,0.42806508151904954,1.076701344666856,0.43587285655722885
88,1.0794516213154526,0.4282858569478416,1.0762627048438855,0.43536180689012133
89,1.0791880957196267,0.42840359055443744,1.0760257645939173,0.43589025770879863
90,1.0796078194393202,0.4277976142851851,1.076105534896422,0.43616325524812
91,1.0797192858846,0.4276143071637102,1.0763659911209278,0.4362293842619038
92,1.0793180748652875,0.42842016520144255,1.076388113820151,0.4352521682796757
93,1.0798412794477483,0.42720845710690253,1.0773168941562095,0.4364769388516576
94,1.0795447132895502,0.42790472873695734,1.0757192621070348,0.4372182134138802
95,1.0795768394563976,0.4277470158490283,1.07596376464608,0.43751938002550855
96,1.0793837515155922,0.4281377128789093,1.0755682221959146,0.43689210230373904
97,1.0795207767339234,0.42795365698084464,1.0758043936129367,0.4359891075461016
98,1.0796336714471324,0.4276895476260391,1.0766044525617964,0.4359492920708652
99,1.0794224060318443,0.42799342048514016,1.0772272372513674,0.4354799279101695
100,1.0795515115676302,0.4278100601497459,1.0759904361842723,0.4358298144378394
101,1.0793027423740773,0.42855605238078737,1.0765705193026682,0.43562466500424024
102,1.0796642916925838,0.42779500305044477,1.075600466835365,0.4365226518760974
103,1.0793053958188281,0.428280382539874,1.075827986604712,0.4364105914006731
104,1.079237491059839,0.4286930836626685,1.0753428006440067,0.4371547481006886
105,1.079378741443827,0.4281806384615362,1.0759985974665438,0.4361668533405647
106,1.0795579918984617,0.4278830439858536,1.0755285434508592,0.43669501263032323
107,1.0794256147708785,0.4281978883245903,1.0764305717489693,0.43587300835804965
108,1.0797719789689846,0.42738895816664874,1.075803486550792,0.43636055736671914
109,1.0794363478931148,0.4279970658372945,1.0756135144930208,0.436936088796871
110,1.0793299151940292,0.42822402926921316,1.0759256381667062,0.4372467968301442
111,1.0794499217794182,0.4282113854480695,1.0770186761791787,0.4358552416155507
112,1.07977263230956,0.4273938124422726,1.0766214554229478,0.4358243940610531
113,1.0796422937947712,0.42774105547956975,1.0759237981914134,0.4358577372142864
114,1.0792884586902147,0.4286120407023804,1.0757710628295212,0.4366960977679768
115,1.0796392063746292,0.42745876329126553,1.076551091269161,0.4367267289024672
116,1.079562963461608,0.42784279681856713,1.0760365821002575,0.4370295504267734
117,1.0796384716971537,0.4277672321450217,1.076300018690945,0.4369780959125828
118,1.0797810804977845,0.42745987747839265,1.0756883345293196,0.4363428259546823
119,1.0797415115860072,0.4273824813311804,1.07528341312087,0.4374108950081127
120,1.0794072981965677,0.4282521006676853,1.0763827901207998,0.4350861047704097
121,1.0794427456145876,0.42831232590624596,1.075402686435185,0.4370862243696021
122,1.079599860243583,0.4279414213200954,1.0755852160828836,0.4367697173001698
123,1.0794753446003025,0.42824613890574525,1.0763720065020443,0.43532915463642946
124,1.0795321323563543,0.4279246121767094,1.0761444196272432,0.43584415336181453
125,1.0793524537863357,0.428496456682318,1.0756298003571756,0.4366273047881478
126,1.0794820971033547,0.4281589416792395,1.0759367369533925,0.4360542617494052
127,1.0795624084686966,0.4278861787424791,1.0765431051843621,0.43620496397579833
128,1.0797167968549086,0.42743712921904903,1.076277134793528,0.4359114946222383
129,1.0794256639279676,0.42804852537670957,1.0763651341534732,0.4347864974711773
130,1.0796891909636808,0.42766722515600797,1.075905685478382,0.4368342408635659
131,1.0797281460145887,0.42737846554232617,1.0768418124552523,0.4371683177692681
132,1.0795254141427157,0.42792469578907893,1.0763774787442069,0.4369825905810497
133,1.0792567551470875,0.42871628455826843,1.0754426693648436,0.43699343339004215
134,1.0794891786039544,0.42814217608544614,1.075952343860369,0.43635597807036985
135,1.079459503761838,0.4281776790323416,1.0753498764520282,0.43745237409355403
136,1.07943487880605,0.4281209529153012,1.0754420396986972,0.4377761564004916
137,1.0795963413929672,0.4277374554512298,1.0757516422968232,0.4373383553458111
138,1.0797372805268577,0.4276603240524571,1.076257177819027,0.4369855941229837
139,1.0793897605344152,0.4281687475131807,1.0759269976883792,0.4362813218789446
140,1.0795982623703024,0.42768996152773125,1.0769974810353826,0.4357883836195457
141,1.0796086693077944,0.42764966276711436,1.0764812749423338,0.43597060173465113
142,1.0792840912435833,0.42842339698021953,1.0761093131611856,0.4362463491410738
143,1.0793357059192121,0.4284695622477668,1.0762072194828076,0.43520552848127986
144,1.079674753513229,0.427623609896661,1.075931227742956,0.4363968846977083
145,1.0794354463561198,0.4284687194652134,1.0761364849765649,0.43592272580699276
146,1.0797140402070593,0.42746970806997847,1.0766534645905654,0.43723894578582545
147,1.0794837702860993,0.4276686265229593,1.076021896721272,0.43639119166703777
148,1.079618784048584,0.42787701210105744,1.0766244052501206,0.4357618761879415
149,1.0795036316252826,0.4280417563350095,1.0757043287995156,0.4361653005688055
150,1.079618004399739,0.4278257919688328,1.0760956287384034,0.43658077652815164
151,1.0792295426130294,0.4287402508997345,1.075642057349173,0.43662159823846014
152,1.0796569622634502,0.42779565384259516,1.0761452029260357,0.43637104761652273
153,1.0795456731587314,0.42769885070331876,1.076517495144619,0.435128752474912
154,1.0791520353113668,0.42923067125052555,1.075663472963183,0.43665477485726845
155,1.079732759715466,0.4274757505531195,1.0756912538174832,0.43713173293915114
156,1.0798474546563759,0.4272881067648041,1.0754357199990348,0.43703525335232196
157,1.0796118166674389,0.4275640480045198,1.0757066592741549,0.43630882838355417
158,1.0795900013004796,0.4277426617118146,1.0756772204731289,0.4365736644141989
159,1.0795529829652122,0.42786757651596197,1.0760625012804952,0.4361870411008788
160,1.0794849537061841,0.42812406044045037,1.0757629847258665,0.4365891353896276
161,1.079550479536646,0.4275725823572865,1.0760587327935722,0.4366042719664226
162,1.0796318772133817,0.4276567856625682,1.0770388158519617,0.43622413942760735
163,1.0797653492247121,0.4275419986152278,1.0761752079042155,0.4354922174228278
164,1.0794795821891743,0.4280514221794443,1.0759712680002276,0.43572344502785465
165,1.0793180902352493,0.42847466397466166,1.0758013998524527,0.4368588114680867
166,1.0794038164816546,0.42825874220018545,1.0765068417184809,0.4362199686750384
167,1.079430309674713,0.42804601440565865,1.07538068642777,0.4370567610754974
168,1.0793142520309833,0.42836544674304367,1.0759567749634218,0.43570088886466646
169,1.0796986329756426,0.42752299258704335,1.0762698414620389,0.4357910642353121
170,1.0791390355718269,0.4287797413742636,1.0772307153498188,0.4353069524261945
171,1.0795843964547254,0.42779756259461843,1.075751287481758,0.43668064896001957
172,1.0797334634855893,0.4274705211197581,1.0761532723233942,0.4356976756445439
173,1.0797726636187415,0.4273279475119192,1.0766711003324958,0.43510276446624985
174,1.0797738914074522,0.4272321232751883,1.0757692488391748,0.43612901816727084
175,1.0796622934301248,0.4274954248415666,1.0758601282419784,0.4362277316083537
176,1.0795239382245567,0.42799269792112454,1.0763980554730705,0.4349973724082925
177,1.0794173200143857,0.42813223879962387,1.076319778903147,0.4362477097907862
178,1.079405062017816,0.4284544049660264,1.076219435622183,0.4364311926565568
179,1.079236924380399,0.4286865909788667,1.075915106226889,0.4364579185311446
180,1.0791943505908665,0.4287506422603963,1.0753616512491462,0.4373730218427201
181,1.0795869106991907,0.4279838380401527,1.0754940997348743,0.4373795300637981
182,1.0795898918020592,0.42759268514465293,1.075545242931066,0.43667967766832416
183,1.0795820291792408,0.42788755357708375,1.076282549306248,0.43698130045693284
184,1.0793001551976364,0.42819927416423254,1.075890961791692,0.4359060997435944
185,1.0794619542829107,0.4281547863232613,1.076001086395778,0.43598264989790514
186,1.0794091570243407,0.4281633636482007,1.07630332895879,0.43657065805354395
187,1.079608964886558,0.4276652865022024,1.0753158794360214,0.4370952372752105
188,1.079540452762936,0.42787295707101614,1.0763839634616723,0.4350877678268859
189,1.0791572443220052,0.4289276390735256,1.0758469155665193,0.43657985697027085
190,1.0794938362716289,0.428198500036068,1.0745977199479435,0.43867866642671344
191,1.0794680104496774,0.42800232617296813,1.0779905662108002,0.4366304540629533
192,1.0794787338945304,0.4279068284549486,1.0759102195836185,0.4365040265530436
193,1.0793387227513818,0.42830231250346207,1.0760201531849551,0.43579747628038235
194,1.0793688271822555,0.42847715063290326,1.0759457033671689,0.43580213406741874
195,1.0796291037891688,0.4275318027513553,1.0762814795033315,0.4349757811516897
196,1.0794366864675886,0.4280278152528036,1.0756225493516816,0.4371871604980359
197,1.0793390911951493,0.42850410764707647,1.0759864937053638,0.4364361541612679
198,1.079653405406502,0.4278000977813964,1.0762042044253832,0.4361130843735359
199,1.0792883074015713,0.4283430795214899,1.0758796089150933,0.43606562247060626
